-------------------------------------------------------------------------------
Test set: com.prolagos.sispcbackend.SispcBackendApplicationTests
-------------------------------------------------------------------------------
Tests run: 1, Failures: 0, Errors: 1, Skipped: 0, Time elapsed: 5.612 s <<< FAILURE! - in com.prolagos.sispcbackend.SispcBackendApplicationTests
contextLoads(com.prolagos.sispcbackend.SispcBackendApplicationTests)  Time elapsed: 0.016 s  <<< ERROR!
java.lang.IllegalStateException: Failed to load ApplicationContext
Caused by: org.springframework.beans.factory.BeanCreationException: Error creating bean with name 'entityManagerFactory' defined in class path resource [org/springframework/boot/autoconfigure/orm/jpa/HibernateJpaConfiguration.class]: Invocation of init method failed; nested exception is org.hibernate.AnnotationException: Illegal attempt to map a non collection as a @OneToMany, @ManyToMany or @CollectionOfElements: com.prolagos.sispcbackend.domain.Cad_PNV_Modulos.atividades
Caused by: org.hibernate.AnnotationException: Illegal attempt to map a non collection as a @OneToMany, @ManyToMany or @CollectionOfElements: com.prolagos.sispcbackend.domain.Cad_PNV_Modulos.atividades

